<?xml version="1.0" encoding="UTF-8"?>
<!-- Generated by org.testng.reporters.JUnitReportReporter -->
<testsuite skipped="0" hostname="NBMSITEK" name="tests.HomeTest" tests="1" failures="0" timestamp="25 sie 2020 19:47:04 GMT" time="0.374" errors="0">
  <testcase name="displayHomePage" time="0.374" classname="tests.HomeTest"/>
</testsuite> <!-- tests.HomeTest -->
